Sound.obj : error LNK2019: unresolved external symbol DirectSoundCreate8 referenced in function "private: void __cdecl Sound::init(void)" (?init@Sound@@AEAAXXZ)
Sound.obj : error LNK2001: unresolved external symbol IID_IDirectSoundBuffer8
Graphics.obj : error LNK2019: unresolved external symbol Direct3DCreate9 referenced in function "private: bool __cdecl Graphics::Init(void)" (?Init@Graphics@@AEAA_NXZ)
Graphics.obj : error LNK2019: unresolved external symbol D3DXMatrixTransformation2D referenced in function "public: void __cdecl Graphics::DrawTexture(struct IDirect3DTexture9 *,class Rect,struct D3DXVECTOR3,struct D3DXVECTOR2,struct D3DXVECTOR2,float,struct D3DXVECTOR2)" (?DrawTexture@Graphics@@QEAAXPEAUIDirect3DTexture9@@VRect@@UD3DXVECTOR3@@UD3DXVECTOR2@@3M3@Z)
Graphics.obj : error LNK2019: unresolved external symbol D3DXCreateSprite referenced in function "private: bool __cdecl Graphics::Init(void)" (?Init@Graphics@@AEAA_NXZ)
Graphics.obj : error LNK2019: unresolved external symbol D3DXCreateFontA referenced in function "private: bool __cdecl Graphics::Init(void)" (?Init@Graphics@@AEAA_NXZ)
Graphics.obj : error LNK2019: unresolved external symbol D3DXGetImageInfoFromFileA referenced in function "public: struct IDirect3DSurface9 * __cdecl Graphics::LoadSurface(char *,struct D3DXCOLOR)" (?LoadSurface@Graphics@@QEAAPEAUIDirect3DSurface9@@PEADUD3DXCOLOR@@@Z)
Graphics.obj : error LNK2019: unresolved external symbol D3DXLoadSurfaceFromFileA referenced in function "public: struct IDirect3DSurface9 * __cdecl Graphics::LoadSurface(char *,struct D3DXCOLOR)" (?LoadSurface@Graphics@@QEAAPEAUIDirect3DSurface9@@PEADUD3DXCOLOR@@@Z)
Graphics.obj : error LNK2019: unresolved external symbol D3DXCreateTextureFromFileExA referenced in function "public: struct IDirect3DTexture9 * __cdecl Graphics::LoadTexture(char *,struct D3DXCOLOR)" (?LoadTexture@Graphics@@QEAAPEAUIDirect3DTexture9@@PEADUD3DXCOLOR@@@Z)
KeyBoard.obj : error LNK2019: unresolved external symbol DirectInput8Create referenced in function "private: bool __cdecl KeyBoard::initialize(void)" (?initialize@KeyBoard@@AEAA_NXZ)
KeyBoard.obj : error LNK2001: unresolved external symbol IID_IDirectInput8A
KeyBoard.obj : error LNK2001: unresolved external symbol GUID_SysKeyboard
KeyBoard.obj : error LNK2001: unresolved external symbol c_dfDIKeyboard
ViewPort.obj : error LNK2019: unresolved external symbol D3DXVec3Transform referenced in function "public: struct D3DXVECTOR3 __cdecl ViewPort::getViewPortPosition(struct D3DXVECTOR3)" (?getViewPortPosition@ViewPort@@QEAA?AUD3DXVECTOR3@@U2@@Z)
C:\Program Files (x86)\Microsoft DirectX SDK (June 2010)\Lib\x86\d3d9.lib : warning LNK4272: library machine type 'X86' conflicts with target machine type 'x64'
C:\Program Files (x86)\Microsoft DirectX SDK (June 2010)\Lib\x86\d3dx9.lib : warning LNK4272: library machine type 'X86' conflicts with target machine type 'x64'
C:\Program Files (x86)\Microsoft DirectX SDK (June 2010)\Lib\x86\dxguid.lib : warning LNK4272: library machine type 'X86' conflicts with target machine type 'x64'
C:\Program Files (x86)\Microsoft DirectX SDK (June 2010)\Lib\x86\dxerr9.lib : warning LNK4272: library machine type 'X86' conflicts with target machine type 'x64'
C:\Program Files (x86)\Microsoft DirectX SDK (June 2010)\Lib\x86\dinput8.lib : warning LNK4272: library machine type 'X86' conflicts with target machine type 'x64'
C:\Program Files (x86)\Microsoft DirectX SDK (June 2010)\Lib\x86\dsound.lib : warning LNK4272: library machine type 'X86' conflicts with target machine type 'x64'
C:\Users\huynh\Desktop\ProjectGameMegaman\ProjectGameMegaman\x64\Debug\Aladdin_Directx.exe : fatal error LNK1120: 14 unresolved externals
