  Aladdin.cpp
  c:\program files (x86)\microsoft directx sdk (june 2010)\include\dinput.h: DIRECTINPUT_VERSION undefined. Defaulting to version 0x0800
c:\users\huynh\desktop\new folder\myaladdin\aladdin.cpp(24): warning C4244: 'argument': conversion from 'int' to 'FLOAT', possible loss of data
c:\users\huynh\desktop\new folder\myaladdin\aladdin.cpp(40): warning C4244: '=': conversion from 'int' to 'float', possible loss of data
c:\users\huynh\desktop\new folder\myaladdin\aladdin.cpp(112): warning C4244: '+=': conversion from 'float' to 'int', possible loss of data
c:\users\huynh\desktop\new folder\myaladdin\aladdin.cpp(113): warning C4244: '+=': conversion from 'float' to 'int', possible loss of data
c:\users\huynh\desktop\new folder\myaladdin\aladdin.cpp(117): warning C4244: '=': conversion from 'FLOAT' to 'int', possible loss of data
c:\users\huynh\desktop\new folder\myaladdin\aladdin.cpp(118): warning C4244: '=': conversion from 'FLOAT' to 'int', possible loss of data
c:\users\huynh\desktop\new folder\myaladdin\aladdin.cpp(188): warning C4244: '=': conversion from 'LONG' to 'FLOAT', possible loss of data
c:\users\huynh\desktop\new folder\myaladdin\aladdin.cpp(190): warning C4244: '=': conversion from 'LONG' to 'FLOAT', possible loss of data
c:\users\huynh\desktop\new folder\myaladdin\aladdin.cpp(196): warning C4244: 'argument': conversion from 'FLOAT' to 'int', possible loss of data
c:\users\huynh\desktop\new folder\myaladdin\aladdin.cpp(208): warning C4244: 'argument': conversion from 'FLOAT' to 'int', possible loss of data
c:\users\huynh\desktop\new folder\myaladdin\aladdin.cpp(263): warning C4244: 'argument': conversion from 'int' to 'float', possible loss of data
c:\users\huynh\desktop\new folder\myaladdin\aladdin.cpp(285): warning C4244: '=': conversion from 'float' to 'int', possible loss of data
c:\users\huynh\desktop\new folder\myaladdin\aladdin.cpp(287): warning C4244: 'argument': conversion from 'int' to 'float', possible loss of data
c:\users\huynh\desktop\new folder\myaladdin\aladdin.cpp(246): warning C4101: 'vy2': unreferenced local variable
c:\users\huynh\desktop\new folder\myaladdin\aladdin.cpp(250): warning C4101: 'isAttack': unreferenced local variable
c:\users\huynh\desktop\new folder\myaladdin\aladdin.cpp(246): warning C4101: 'vx2': unreferenced local variable
c:\users\huynh\desktop\new folder\myaladdin\aladdin.cpp(350): warning C4244: '=': conversion from 'int' to 'float', possible loss of data
c:\users\huynh\desktop\new folder\myaladdin\aladdin.cpp(480): warning C4244: '=': conversion from 'double' to 'float', possible loss of data
c:\users\huynh\desktop\new folder\myaladdin\aladdin.cpp(481): warning C4244: '=': conversion from 'double' to 'float', possible loss of data
c:\users\huynh\desktop\new folder\myaladdin\aladdin.cpp(774): warning C4244: '=': conversion from 'FLOAT' to 'int', possible loss of data
c:\users\huynh\desktop\new folder\myaladdin\aladdin.cpp(775): warning C4244: '=': conversion from 'FLOAT' to 'int', possible loss of data
c:\users\huynh\desktop\new folder\myaladdin\aladdin.cpp(781): warning C4244: '=': conversion from 'FLOAT' to 'int', possible loss of data
c:\users\huynh\desktop\new folder\myaladdin\aladdin.cpp(782): warning C4244: '=': conversion from 'FLOAT' to 'int', possible loss of data
c:\users\huynh\desktop\new folder\myaladdin\aladdin.cpp(1005): warning C4244: '=': conversion from 'int' to 'float', possible loss of data
c:\users\huynh\desktop\new folder\myaladdin\aladdin.cpp(1024): warning C4244: 'argument': conversion from 'int' to 'FLOAT', possible loss of data
c:\users\huynh\desktop\new folder\myaladdin\aladdin.cpp(1033): warning C4244: 'return': conversion from 'float' to 'int', possible loss of data
  MyAladdin.vcxproj -> C:\Users\huynh\Desktop\New folder\Debug\Aladdin_Directx.exe
  MyAladdin.vcxproj -> C:\Users\huynh\Desktop\New folder\Debug\Aladdin_Directx.pdb (Full PDB)
